<?xml version="1.0" encoding="UTF-8"?>
<!-- Generated by org.testng.reporters.JUnitReportReporter -->
<testsuite hostname="Sachin" failures="0" tests="5" name="testcases.LoginPageTest" time="72.317" errors="0" timestamp="2024-02-29T00:21:30 CET" skipped="0">
  <testcase classname="testcases.LoginPageTest" name="validLoginTest" time="14.428"/>
  <testcase classname="testcases.LoginPageTest" name="invalidLoginTest1" time="14.368"/>
  <testcase classname="testcases.LoginPageTest" name="invalidLoginTest2" time="14.925"/>
  <testcase classname="testcases.LoginPageTest" name="invalidLoginTest3" time="14.547"/>
  <testcase classname="testcases.LoginPageTest" name="newCustomerRegisterTest" time="14.049"/>
</testsuite> <!-- testcases.LoginPageTest -->
