<?xml version="1.0" encoding="UTF-8"?>
<!-- Generated by org.testng.reporters.JUnitReportReporter -->
<testsuite hostname="Sachin" failures="0" tests="2" name="testcases.RegistrationPageTest" time="36.993" errors="0" timestamp="2024-02-29T00:21:30 CET" skipped="0">
  <testcase classname="testcases.RegistrationPageTest" name="validRegistrationTest" time="19.214"/>
  <testcase classname="testcases.RegistrationPageTest" name="invalidRegistrationTest" time="17.779"/>
</testsuite> <!-- testcases.RegistrationPageTest -->
