<?xml version="1.0" encoding="UTF-8"?>
<!-- Generated by org.testng.reporters.JUnitReportReporter -->
<testsuite hostname="Sachin" failures="0" tests="1" name="testcases.HomePageTest" time="14.721" errors="0" timestamp="2024-02-29T00:21:30 CET" skipped="0">
  <testcase classname="testcases.HomePageTest" name="clickOnLogoTest" time="14.721"/>
</testsuite> <!-- testcases.HomePageTest -->
